                              1 ;--------------------------------------------------------
                              2 ; File Created by SDCC : free open source ANSI-C Compiler
                              3 ; Version 2.9.0 #5416 (Mar 22 2009) (MINGW32)
                              4 ; This file was generated Tue Oct 12 23:27:16 2010
                              5 ;--------------------------------------------------------
                              6 	.module usrp_gpif
                              7 	.optsdcc -mmcs51 --model-small
                              8 	
                              9 ;--------------------------------------------------------
                             10 ; Public variables in this module
                             11 ;--------------------------------------------------------
                             12 	.globl _InitData
                             13 	.globl _FlowStates
                             14 	.globl _WaveData
                             15 ;--------------------------------------------------------
                             16 ; special function registers
                             17 ;--------------------------------------------------------
                             18 	.area RSEG    (DATA)
                             19 ;--------------------------------------------------------
                             20 ; special function bits
                             21 ;--------------------------------------------------------
                             22 	.area RSEG    (DATA)
                             23 ;--------------------------------------------------------
                             24 ; overlayable register banks
                             25 ;--------------------------------------------------------
                             26 	.area REG_BANK_0	(REL,OVR,DATA)
   0000                      27 	.ds 8
                             28 ;--------------------------------------------------------
                             29 ; internal ram data
                             30 ;--------------------------------------------------------
                             31 	.area DSEG    (DATA)
                             32 ;--------------------------------------------------------
                             33 ; overlayable items in internal ram 
                             34 ;--------------------------------------------------------
                             35 	.area OSEG    (OVR,DATA)
                             36 ;--------------------------------------------------------
                             37 ; indirectly addressable internal ram data
                             38 ;--------------------------------------------------------
                             39 	.area ISEG    (DATA)
                             40 ;--------------------------------------------------------
                             41 ; absolute internal ram data
                             42 ;--------------------------------------------------------
                             43 	.area IABS    (ABS,DATA)
                             44 	.area IABS    (ABS,DATA)
                             45 ;--------------------------------------------------------
                             46 ; bit data
                             47 ;--------------------------------------------------------
                             48 	.area BSEG    (BIT)
                             49 ;--------------------------------------------------------
                             50 ; paged external ram data
                             51 ;--------------------------------------------------------
                             52 	.area PSEG    (PAG,XDATA)
                             53 ;--------------------------------------------------------
                             54 ; external ram data
                             55 ;--------------------------------------------------------
                             56 	.area XSEG    (XDATA)
                             57 ;--------------------------------------------------------
                             58 ; absolute external ram data
                             59 ;--------------------------------------------------------
                             60 	.area XABS    (ABS,XDATA)
                             61 ;--------------------------------------------------------
                             62 ; external initialized ram data
                             63 ;--------------------------------------------------------
                             64 	.area HOME    (CODE)
                             65 	.area GSINIT0 (CODE)
                             66 	.area GSINIT1 (CODE)
                             67 	.area GSINIT2 (CODE)
                             68 	.area GSINIT3 (CODE)
                             69 	.area GSINIT4 (CODE)
                             70 	.area GSINIT5 (CODE)
                             71 	.area GSINIT  (CODE)
                             72 	.area GSFINAL (CODE)
                             73 	.area CSEG    (CODE)
                             74 ;--------------------------------------------------------
                             75 ; global & static initialisations
                             76 ;--------------------------------------------------------
                             77 	.area HOME    (CODE)
                             78 	.area GSINIT  (CODE)
                             79 	.area GSFINAL (CODE)
                             80 	.area GSINIT  (CODE)
                             81 ;--------------------------------------------------------
                             82 ; Home
                             83 ;--------------------------------------------------------
                             84 	.area HOME    (CODE)
                             85 	.area HOME    (CODE)
                             86 ;--------------------------------------------------------
                             87 ; code
                             88 ;--------------------------------------------------------
                             89 	.area CSEG    (CODE)
                             90 	.area CSEG    (CODE)
                             91 	.area CONST   (CODE)
   0000                      92 _WaveData:
   0000 01                   93 	.db #0x01
   0001 01                   94 	.db #0x01
   0002 01                   95 	.db #0x01
   0003 01                   96 	.db #0x01
   0004 01                   97 	.db #0x01
   0005 01                   98 	.db #0x01
   0006 01                   99 	.db #0x01
   0007 07                  100 	.db #0x07
   0008 00                  101 	.db #0x00
   0009 00                  102 	.db #0x00
   000A 00                  103 	.db #0x00
   000B 00                  104 	.db #0x00
   000C 00                  105 	.db #0x00
   000D 00                  106 	.db #0x00
   000E 00                  107 	.db #0x00
   000F 00                  108 	.db #0x00
   0010 00                  109 	.db #0x00
   0011 00                  110 	.db #0x00
   0012 00                  111 	.db #0x00
   0013 00                  112 	.db #0x00
   0014 00                  113 	.db #0x00
   0015 00                  114 	.db #0x00
   0016 00                  115 	.db #0x00
   0017 00                  116 	.db #0x00
   0018 00                  117 	.db #0x00
   0019 00                  118 	.db #0x00
   001A 00                  119 	.db #0x00
   001B 00                  120 	.db #0x00
   001C 00                  121 	.db #0x00
   001D 00                  122 	.db #0x00
   001E 00                  123 	.db #0x00
   001F 3F                  124 	.db #0x3F
   0020 01                  125 	.db #0x01
   0021 3F                  126 	.db #0x3F
   0022 01                  127 	.db #0x01
   0023 01                  128 	.db #0x01
   0024 01                  129 	.db #0x01
   0025 01                  130 	.db #0x01
   0026 01                  131 	.db #0x01
   0027 07                  132 	.db #0x07
   0028 22                  133 	.db #0x22
   0029 03                  134 	.db #0x03
   002A 02                  135 	.db #0x02
   002B 02                  136 	.db #0x02
   002C 02                  137 	.db #0x02
   002D 02                  138 	.db #0x02
   002E 02                  139 	.db #0x02
   002F 00                  140 	.db #0x00
   0030 00                  141 	.db #0x00
   0031 01                  142 	.db #0x01
   0032 01                  143 	.db #0x01
   0033 01                  144 	.db #0x01
   0034 01                  145 	.db #0x01
   0035 01                  146 	.db #0x01
   0036 01                  147 	.db #0x01
   0037 00                  148 	.db #0x00
   0038 00                  149 	.db #0x00
   0039 00                  150 	.db #0x00
   003A 00                  151 	.db #0x00
   003B 00                  152 	.db #0x00
   003C 00                  153 	.db #0x00
   003D 00                  154 	.db #0x00
   003E 00                  155 	.db #0x00
   003F 3F                  156 	.db #0x3F
   0040 01                  157 	.db #0x01
   0041 11                  158 	.db #0x11
   0042 01                  159 	.db #0x01
   0043 3F                  160 	.db #0x3F
   0044 01                  161 	.db #0x01
   0045 01                  162 	.db #0x01
   0046 01                  163 	.db #0x01
   0047 07                  164 	.db #0x07
   0048 00                  165 	.db #0x00
   0049 03                  166 	.db #0x03
   004A 00                  167 	.db #0x00
   004B 01                  168 	.db #0x01
   004C 00                  169 	.db #0x00
   004D 00                  170 	.db #0x00
   004E 00                  171 	.db #0x00
   004F 00                  172 	.db #0x00
   0050 06                  173 	.db #0x06
   0051 04                  174 	.db #0x04
   0052 04                  175 	.db #0x04
   0053 00                  176 	.db #0x00
   0054 00                  177 	.db #0x00
   0055 00                  178 	.db #0x00
   0056 00                  179 	.db #0x00
   0057 00                  180 	.db #0x00
   0058 00                  181 	.db #0x00
   0059 2D                  182 	.db #0x2D
   005A 00                  183 	.db #0x00
   005B 2D                  184 	.db #0x2D
   005C 00                  185 	.db #0x00
   005D 00                  186 	.db #0x00
   005E 00                  187 	.db #0x00
   005F 3F                  188 	.db #0x3F
   0060 01                  189 	.db #0x01
   0061 39                  190 	.db #0x39
   0062 01                  191 	.db #0x01
   0063 01                  192 	.db #0x01
   0064 01                  193 	.db #0x01
   0065 01                  194 	.db #0x01
   0066 01                  195 	.db #0x01
   0067 07                  196 	.db #0x07
   0068 00                  197 	.db #0x00
   0069 03                  198 	.db #0x03
   006A 02                  199 	.db #0x02
   006B 02                  200 	.db #0x02
   006C 02                  201 	.db #0x02
   006D 02                  202 	.db #0x02
   006E 02                  203 	.db #0x02
   006F 00                  204 	.db #0x00
   0070 00                  205 	.db #0x00
   0071 00                  206 	.db #0x00
   0072 00                  207 	.db #0x00
   0073 00                  208 	.db #0x00
   0074 00                  209 	.db #0x00
   0075 00                  210 	.db #0x00
   0076 00                  211 	.db #0x00
   0077 00                  212 	.db #0x00
   0078 00                  213 	.db #0x00
   0079 2D                  214 	.db #0x2D
   007A 00                  215 	.db #0x00
   007B 00                  216 	.db #0x00
   007C 00                  217 	.db #0x00
   007D 00                  218 	.db #0x00
   007E 00                  219 	.db #0x00
   007F 3F                  220 	.db #0x3F
   0080                     221 _FlowStates:
   0080 00                  222 	.db #0x00
   0081 00                  223 	.db #0x00
   0082 00                  224 	.db #0x00
   0083 00                  225 	.db #0x00
   0084 00                  226 	.db #0x00
   0085 00                  227 	.db #0x00
   0086 00                  228 	.db #0x00
   0087 00                  229 	.db #0x00
   0088 00                  230 	.db #0x00
   0089 00                  231 	.db #0x00
   008A 00                  232 	.db #0x00
   008B 00                  233 	.db #0x00
   008C 00                  234 	.db #0x00
   008D 00                  235 	.db #0x00
   008E 00                  236 	.db #0x00
   008F 00                  237 	.db #0x00
   0090 00                  238 	.db #0x00
   0091 00                  239 	.db #0x00
   0092 81                  240 	.db #0x81
   0093 2D                  241 	.db #0x2D
   0094 26                  242 	.db #0x26
   0095 00                  243 	.db #0x00
   0096 04                  244 	.db #0x04
   0097 04                  245 	.db #0x04
   0098 03                  246 	.db #0x03
   0099 02                  247 	.db #0x02
   009A 00                  248 	.db #0x00
   009B 81                  249 	.db #0x81
   009C 2D                  250 	.db #0x2D
   009D 21                  251 	.db #0x21
   009E 00                  252 	.db #0x00
   009F 04                  253 	.db #0x04
   00A0 04                  254 	.db #0x04
   00A1 03                  255 	.db #0x03
   00A2 02                  256 	.db #0x02
   00A3 00                  257 	.db #0x00
   00A4                     258 _InitData:
   00A4 A0                  259 	.db #0xA0
   00A5 00                  260 	.db #0x00
   00A6 00                  261 	.db #0x00
   00A7 00                  262 	.db #0x00
   00A8 EE                  263 	.db #0xEE
   00A9 4E                  264 	.db #0x4E
   00AA 00                  265 	.db #0x00
                            266 	.area CABS    (ABS,CODE)
